<?xml version="1.0" encoding="UTF-8"?>
<coverage generated="1724228306839" clover="3.2.0">
  <project timestamp="1724228306839" name="All files">
    <metrics statements="5" coveredstatements="5" conditionals="0" coveredconditionals="0" methods="0" coveredmethods="0" elements="5" coveredelements="5" complexity="0" loc="5" ncloc="5" packages="1" files="1" classes="1"/>
    <file name="Question.js" path="C:\Users\thavi\Desktop\Formateur technique\Formateur Web\Cours\PRF-IDF-CDA2\TP\Quizzik\backend\models\Question.js">
      <metrics statements="5" coveredstatements="5" conditionals="0" coveredconditionals="0" methods="0" coveredmethods="0"/>
      <line num="1" count="1" type="stmt"/>
      <line num="3" count="1" type="stmt"/>
      <line num="11" count="1" type="stmt"/>
      <line num="16" count="1" type="stmt"/>
      <line num="29" count="1" type="stmt"/>
    </file>
  </project>
</coverage>
