{"C:\\Users\\thavi\\Desktop\\Formateur technique\\Formateur Web\\Cours\\PRF-IDF-CDA2\\TP\\Quizzik\\backend\\models\\Question.js": {"path":"C:\\Users\\thavi\\Desktop\\Formateur technique\\Formateur Web\\Cours\\PRF-IDF-CDA2\\TP\\Quizzik\\backend\\models\\Question.js","statementMap":{"0":{"start":{"line":1,"column":17},"end":{"line":1,"column":36}},"1":{"start":{"line":3,"column":23},"end":{"line":9,"column":2}},"2":{"start":{"line":11,"column":23},"end":{"line":14,"column":2}},"3":{"start":{"line":16,"column":19},"end":{"line":27,"column":2}},"4":{"start":{"line":29,"column":0},"end":{"line":29,"column":52}}},"fnMap":{},"branchMap":{},"s":{"0":1,"1":1,"2":1,"3":1,"4":1},"f":{},"b":{},"_coverageSchema":"1a1c01bbd47fc00a2c39e90264f33305004495a9","hash":"e4632cf7970f197426e672bc3a0b43015af54df0"}
}
