TN:
SF:app.js
FN:22,startServer
FN:23,(anonymous_1)
FN:26,closeServer
FN:27,(anonymous_3)
FNF:4
FNH:4
FNDA:2,startServer
FNDA:2,(anonymous_1)
FNDA:2,closeServer
FNDA:2,(anonymous_3)
DA:1,2
DA:2,2
DA:3,2
DA:4,2
DA:6,2
DA:9,2
DA:12,2
DA:13,2
DA:16,2
DA:18,2
DA:23,2
DA:27,2
DA:28,2
DA:29,2
DA:31,0
DA:36,2
DA:37,0
DA:40,2
LF:18
LH:16
BRDA:18,0,0,2
BRDA:18,0,1,0
BRDA:28,1,0,2
BRDA:28,1,1,0
BRDA:36,2,0,0
BRDA:36,2,1,2
BRF:6
BRH:3
end_of_record
TN:
SF:config\db.js
FN:6,(anonymous_0)
FNF:1
FNH:1
FNDA:4,(anonymous_0)
DA:1,2
DA:2,2
DA:4,2
DA:6,2
DA:7,4
DA:8,4
DA:10,4
DA:12,0
DA:16,2
LF:9
LH:8
BRF:0
BRH:0
end_of_record
TN:
SF:models\Question.js
FNF:0
FNH:0
DA:1,4
DA:3,4
DA:11,4
DA:16,4
DA:29,4
LF:5
LH:5
BRF:0
BRH:0
end_of_record
TN:
SF:routes\quizRoutes.js
FN:6,(anonymous_0)
FNF:1
FNH:1
FNDA:6,(anonymous_0)
DA:1,3
DA:2,3
DA:3,3
DA:6,3
DA:7,6
DA:8,6
DA:9,4
DA:10,2
DA:12,2
DA:14,2
DA:18,3
LF:11
LH:11
BRDA:9,0,0,2
BRDA:9,0,1,2
BRF:2
BRH:2
end_of_record
